\BOOKMARK [1][-]{section.1}{REPORT 1: backpropagation in feedforward multi-layer nets}{}% 1
\BOOKMARK [2][-]{subsection.1.1}{Function approximation}{section.1}% 2
\BOOKMARK [2][-]{subsection.1.2}{Generalization: noisy data and overfitting}{section.1}% 3
\BOOKMARK [1][-]{section.2}{REPORT 2: Bayesian learning in neural networks}{}% 4
\BOOKMARK [2][-]{subsection.2.1}{`Pure' Bayesian training versus `trainbr'}{section.2}% 5
\BOOKMARK [2][-]{subsection.2.2}{Bayesian regularization using `trainbr'}{section.2}% 6
\BOOKMARK [1][-]{section.3}{Report 3: Recurrent neural networks}{}% 7
\BOOKMARK [2][-]{subsection.3.1}{Hopfield network for digit reconstruction}{section.3}% 8
\BOOKMARK [2][-]{subsection.3.2}{Elman recurrent network approximation for the Hammerstein function}{section.3}% 9
\BOOKMARK [1][-]{section.4}{Report 4: Unsupervised learning: PCA and SOM}{}% 10
\BOOKMARK [2][-]{subsection.4.1}{Principal Component Analysis on Handwritten Digits}{section.4}% 11
\BOOKMARK [2][-]{subsection.4.2}{Self-organizing maps: concentric cylinders}{section.4}% 12
\BOOKMARK [2][-]{subsection.4.3}{Self-organizing maps: unsupervised clustering of the Iris data set}{section.4}% 13
\BOOKMARK [1][-]{section.5}{PROJECT 1: Regression of function data}{}% 14
\BOOKMARK [1][-]{section.6}{PROJECT 2: Classification of wine data}{}% 15
\BOOKMARK [1][-]{section.7}{PROJECT 3: Character recognition}{}% 16
\BOOKMARK [2][-]{subsection.7.1}{Hopfield network}{section.7}% 17
\BOOKMARK [2][-]{subsection.7.2}{Alternative solution to character recognition}{section.7}% 18
\BOOKMARK [1][-]{appendix.A}{Matlab code that implements the solutions}{}% 19
\BOOKMARK [2][-]{subsection.A.1}{Regression \(see Section 5\)}{appendix.A}% 20
\BOOKMARK [3][-]{subsubsection.A.1.1}{Main code}{subsection.A.1}% 21
\BOOKMARK [2][-]{subsection.A.2}{Classification \(see Section 6\)}{appendix.A}% 22
\BOOKMARK [3][-]{subsubsection.A.2.1}{Main code}{subsection.A.2}% 23
\BOOKMARK [3][-]{subsubsection.A.2.2}{PCA related}{subsection.A.2}% 24
\BOOKMARK [2][-]{subsection.A.3}{Classification \(see Section 6\)}{appendix.A}% 25
\BOOKMARK [3][-]{subsubsection.A.3.1}{Main code}{subsection.A.3}% 26
\BOOKMARK [3][-]{subsubsection.A.3.2}{Image distortion}{subsection.A.3}% 27
\BOOKMARK [3][-]{subsubsection.A.3.3}{Name generation}{subsection.A.3}% 28
\BOOKMARK [3][-]{subsubsection.A.3.4}{Alternative to Hopfield}{subsection.A.3}% 29
