mktextfm phvr7t
mktextfm phvr7t
mktextfm phvr7t
mktextfm phvr7t
mktextfm phvb7t
mktextfm nullfont
mktextfm phvr7t
mktextfm phvr7t
mktextfm phvr7t
mktextfm phvr7t
mktextfm phvb7t
mktextfm nullfont
mktextfm phvr7t
mktextfm phvr7t
mktextfm phvr7t
mktextfm phvr7t
mktextfm phvb7t
mktextfm nullfont
mktextfm phvr7t
mktextfm phvr7t
mktextfm phvr7t
mktextfm phvr7t
mktextfm phvb7t
mktextfm nullfont
mktextfm phvr7t
mktextfm phvr7t
mktextfm phvr7t
mktextfm phvr7t
mktextfm phvb7t
mktextfm nullfont
mktextfm phvr7t
mktextfm phvr7t
mktextfm phvr7t
mktextfm phvr7t
mktextfm phvb7t
mktextfm nullfont
mktextfm phvr7t
mktextfm phvr7t
mktextfm phvr7t
mktextfm phvr7t
mktextfm phvb7t
mktextfm nullfont
mktextfm phvr7t
mktextfm phvr7t
mktextfm phvr7t
mktextfm phvr7t
mktextfm phvb7t
mktextfm nullfont
mktextfm phvr7t
mktextfm phvr7t
mktextfm phvr7t
mktextfm phvr7t
mktextfm phvb7t
mktextfm nullfont
mktextfm phvr7t
mktextfm phvr7t
mktextfm phvr7t
mktextfm phvr7t
mktextfm phvb7t
mktextfm nullfont
mktextfm phvr7t
mktextfm phvr7t
mktextfm phvr7t
mktextfm phvr7t
mktextfm phvb7t
mktextfm nullfont
mktextfm pcrr7t
mktextfm pcrr7t
mktextfm pcrr8c
mktextfm tcrm1000
mktextfm ptmr7t
mktextfm ptmr8c
mktextfm pcrr7t
